0 info it worked if it ends with ok
1 verbose cli [ '/usr/bin/nodejs',
1 verbose cli   '/usr/lib/node_modules/npm/bin/npm-cli.js',
1 verbose cli   'run-script',
1 verbose cli   'start' ]
2 info using npm@3.10.3
3 info using node@v6.5.0
4 verbose run-script [ 'prestart', 'start', 'poststart' ]
5 info lifecycle tucker-darby-personal@~prestart: tucker-darby-personal@
6 silly lifecycle tucker-darby-personal@~prestart: no script for prestart, continuing
7 info lifecycle tucker-darby-personal@~start: tucker-darby-personal@
8 verbose lifecycle tucker-darby-personal@~start: unsafe-perm in lifecycle true
9 verbose lifecycle tucker-darby-personal@~start: PATH: /usr/lib/node_modules/npm/bin/node-gyp-bin:/home/tuck/Workspace/Web/tucker-darby/node_modules/.bin:/usr/bin:/usr/local/sbin:/usr/local/bin:/usr/sbin:/usr/bin:/sbin:/bin:/usr/games:/usr/local/games
10 verbose lifecycle tucker-darby-personal@~start: CWD: /home/tuck/Workspace/Web/tucker-darby
11 silly lifecycle tucker-darby-personal@~start: Args: [ '-c', 'gulp serve-dev' ]
12 silly lifecycle tucker-darby-personal@~start: Returned: code: 1  signal: null
13 info lifecycle tucker-darby-personal@~start: Failed to exec start script
14 verbose stack Error: tucker-darby-personal@ start: `gulp serve-dev`
14 verbose stack Exit status 1
14 verbose stack     at EventEmitter.<anonymous> (/usr/lib/node_modules/npm/lib/utils/lifecycle.js:242:16)
14 verbose stack     at emitTwo (events.js:106:13)
14 verbose stack     at EventEmitter.emit (events.js:191:7)
14 verbose stack     at ChildProcess.<anonymous> (/usr/lib/node_modules/npm/lib/utils/spawn.js:40:14)
14 verbose stack     at emitTwo (events.js:106:13)
14 verbose stack     at ChildProcess.emit (events.js:191:7)
14 verbose stack     at maybeClose (internal/child_process.js:877:16)
14 verbose stack     at Process.ChildProcess._handle.onexit (internal/child_process.js:226:5)
15 verbose pkgid tucker-darby-personal@
16 verbose cwd /home/tuck/Workspace/Web/tucker-darby
17 error Linux 4.4.0-36-generic
18 error argv "/usr/bin/nodejs" "/usr/lib/node_modules/npm/bin/npm-cli.js" "run-script" "start"
19 error node v6.5.0
20 error npm  v3.10.3
21 error code ELIFECYCLE
22 error tucker-darby-personal@ start: `gulp serve-dev`
22 error Exit status 1
23 error Failed at the tucker-darby-personal@ start script 'gulp serve-dev'.
23 error Make sure you have the latest version of node.js and npm installed.
23 error If you do, this is most likely a problem with the tucker-darby-personal package,
23 error not with npm itself.
23 error Tell the author that this fails on your system:
23 error     gulp serve-dev
23 error You can get information on how to open an issue for this project with:
23 error     npm bugs tucker-darby-personal
23 error Or if that isn't available, you can get their info via:
23 error     npm owner ls tucker-darby-personal
23 error There is likely additional logging output above.
24 verbose exit [ 1, true ]
